{"numFailedTestSuites":1,"numFailedTests":1,"numPassedTestSuites":0,"numPassedTests":4,"numPendingTestSuites":0,"numPendingTests":0,"numRuntimeErrorTestSuites":0,"numTodoTests":0,"numTotalTestSuites":1,"numTotalTests":5,"openHandles":[],"snapshot":{"added":0,"didUpdate":false,"failure":false,"filesAdded":0,"filesRemoved":0,"filesRemovedList":[],"filesUnmatched":0,"filesUpdated":0,"matched":0,"total":0,"unchecked":0,"uncheckedKeysByFile":[],"unmatched":0,"updated":0},"startTime":1747407802683,"success":false,"testResults":[{"assertionResults":[{"ancestorTitles":["Rentals API"],"duration":55,"failureDetails":[],"failureMessages":[],"fullName":"Rentals API GET /api/rentals","invocations":1,"location":null,"numPassingAsserts":1,"retryReasons":[],"status":"passed","title":"GET /api/rentals"},{"ancestorTitles":["Rentals API"],"duration":96,"failureDetails":[{"matcherResult":{"message":"\u001b[2mexpect(\u001b[22m\u001b[31mreceived\u001b[39m\u001b[2m).\u001b[22mtoContain\u001b[2m(\u001b[22m\u001b[32mexpected\u001b[39m\u001b[2m) // indexOf\u001b[22m\n\nExpected value: \u001b[32m500\u001b[39m\nReceived array: \u001b[31m[201, 400, 401, 403]\u001b[39m","pass":false}}],"failureMessages":["Error: \u001b[2mexpect(\u001b[22m\u001b[31mreceived\u001b[39m\u001b[2m).\u001b[22mtoContain\u001b[2m(\u001b[22m\u001b[32mexpected\u001b[39m\u001b[2m) // indexOf\u001b[22m\n\nExpected value: \u001b[32m500\u001b[39m\nReceived array: \u001b[31m[201, 400, 401, 403]\u001b[39m\n    at Object.toContain (C:\\Users\\nezi\\Desktop\\Projeler\\tenis\\arackira\\backend\\tests\\rentals.test.js:68:31)\n    at processTicksAndRejections (node:internal/process/task_queues:105:5)"],"fullName":"Rentals API POST /api/rentals","invocations":1,"location":null,"numPassingAsserts":0,"retryReasons":[],"status":"failed","title":"POST /api/rentals"},{"ancestorTitles":["Rentals API"],"duration":0,"failureDetails":[],"failureMessages":[],"fullName":"Rentals API GET /api/rentals/:id","invocations":1,"location":null,"numPassingAsserts":0,"retryReasons":[],"status":"passed","title":"GET /api/rentals/:id"},{"ancestorTitles":["Rentals API"],"duration":1,"failureDetails":[],"failureMessages":[],"fullName":"Rentals API PUT /api/rentals/:id","invocations":1,"location":null,"numPassingAsserts":0,"retryReasons":[],"status":"passed","title":"PUT /api/rentals/:id"},{"ancestorTitles":["Rentals API"],"duration":1,"failureDetails":[],"failureMessages":[],"fullName":"Rentals API DELETE /api/rentals/:id","invocations":1,"location":null,"numPassingAsserts":0,"retryReasons":[],"status":"passed","title":"DELETE /api/rentals/:id"}],"endTime":1747407804770,"message":"\u001b[1m\u001b[31m  \u001b[1m● \u001b[22m\u001b[1mRentals API › POST /api/rentals\u001b[39m\u001b[22m\n\n    \u001b[2mexpect(\u001b[22m\u001b[31mreceived\u001b[39m\u001b[2m).\u001b[22mtoContain\u001b[2m(\u001b[22m\u001b[32mexpected\u001b[39m\u001b[2m) // indexOf\u001b[22m\n\n    Expected value: \u001b[32m500\u001b[39m\n    Received array: \u001b[31m[201, 400, 401, 403]\u001b[39m\n\u001b[2m\u001b[22m\n\u001b[2m    \u001b[0m \u001b[90m 66 |\u001b[39m       \u001b[33m.\u001b[39m\u001b[36mset\u001b[39m(\u001b[32m'Authorization'\u001b[39m\u001b[33m,\u001b[39m \u001b[32m`Bearer ${token}`\u001b[39m)\u001b[22m\n\u001b[2m     \u001b[90m 67 |\u001b[39m       \u001b[33m.\u001b[39msend(rental)\u001b[33m;\u001b[39m\u001b[22m\n\u001b[2m    \u001b[31m\u001b[1m>\u001b[22m\u001b[2m\u001b[39m\u001b[90m 68 |\u001b[39m     expect([\u001b[35m201\u001b[39m\u001b[33m,\u001b[39m\u001b[35m400\u001b[39m\u001b[33m,\u001b[39m\u001b[35m401\u001b[39m\u001b[33m,\u001b[39m\u001b[35m403\u001b[39m])\u001b[33m.\u001b[39mtoContain(res\u001b[33m.\u001b[39mstatusCode)\u001b[33m;\u001b[39m\u001b[22m\n\u001b[2m     \u001b[90m    |\u001b[39m                               \u001b[31m\u001b[1m^\u001b[22m\u001b[2m\u001b[39m\u001b[22m\n\u001b[2m     \u001b[90m 69 |\u001b[39m     \u001b[36mif\u001b[39m(res\u001b[33m.\u001b[39mstatusCode \u001b[33m===\u001b[39m \u001b[35m201\u001b[39m) createdId \u001b[33m=\u001b[39m res\u001b[33m.\u001b[39mbody\u001b[33m.\u001b[39mid\u001b[33m;\u001b[39m\u001b[22m\n\u001b[2m     \u001b[90m 70 |\u001b[39m   })\u001b[33m;\u001b[39m\u001b[22m\n\u001b[2m     \u001b[90m 71 |\u001b[39m   it(\u001b[32m'GET /api/rentals/:id'\u001b[39m\u001b[33m,\u001b[39m \u001b[36masync\u001b[39m () \u001b[33m=>\u001b[39m {\u001b[0m\u001b[22m\n\u001b[2m\u001b[22m\n\u001b[2m      \u001b[2mat Object.toContain (\u001b[22m\u001b[2m\u001b[0m\u001b[36mtests/rentals.test.js\u001b[39m\u001b[0m\u001b[2m:68:31)\u001b[22m\u001b[2m\u001b[22m\n","name":"C:\\Users\\nezi\\Desktop\\Projeler\\tenis\\arackira\\backend\\tests\\rentals.test.js","startTime":1747407802740,"status":"failed","summary":""}],"wasInterrupted":false}
